Total games tried: 1000
Total successful: 989
1005: yay
1002: yay
1008: yay
1004: yay
1007: yay
1009: yay
1003: yay
1006: yay
1014: yay
1015: yay
1017: yay
1016: yay
1018: yay
1019: yay
1020: yay
1021: yay
1011: yay
1012: yay
1010: yay
1024: yay
1013: yay
1001: yay
1028: yay
1023: yay
1029: yay
1030: yay
1022: yay
1025: yay
1027: yay
1031: yay
1036: yay
1033: yay
1032: yay
1037: yay
1039: yay
1040: yay
1038: yay
1041: yay
1042: yay
1043: yay
1044: yay
1045: yay
1046: yay
1048: yay
1049: yay
1047: yay
1050: yay
1034: yay
1055: yay
1026: yay
1035: yay
1051: yay
1052: yay
1053: yay
1056: yay
1062: yay
1057: yay
1058: yay
1059: yay
1054: yay
1060: yay
1066: yay
1061: yay
1063: yay
1064: yay
1072: yay
1065: yay
1067: yay
1069: yay
1075: yay
1076: yay
1070: yay
1068: yay
1078: yay
1079: yay
1080: yay
1083: yay
1081: yay
1082: yay
1084: yay
1086: yay
1071: yay
1073: yay
1074: yay
1085: yay
1092: yay
1087: yay
1088: yay
1095: yay
1096: yay
1090: yay
1091: yay
1077: yay
1098: yay
1093: yay
1094: yay
1089: yay
1097: yay
1104: yay
1106: yay
1107: yay
1108: yay
1109: yay
1099: yay
1100: yay
1101: yay
1111: yay
1112: yay
1113: yay
1114: yay
1115: yay
1116: yay
1117: yay
1118: yay
1120: yay
1119: yay
1123: yay
1121: yay
1103: yay
1102: yay
1122: yay
1126: nay (no downloads found)
1124: yay
1127: yay
1128: yay
1129: yay
1131: yay
1105: yay
1135: yay
1125: yay
1133: yay
1132: yay
1138: yay
1139: yay
1140: yay
1141: yay
1136: yay
1110: yay
1145: yay
1137: yay
1130: yay
1146: yay
1148: yay
1147: yay
1149: yay
1151: yay
1152: yay
1150: yay
1153: yay
1154: yay
1155: yay
1142: yay
1143: yay
1134: yay
1156: yay
1157: yay
1159: yay
1158: yay
1165: yay
1164: yay
1160: yay
1161: yay
1144: yay
1170: yay
1162: yay
1163: yay
1166: yay
1169: yay
1175: yay
1167: yay
1173: yay
1176: yay
1168: yay
1174: yay
1171: yay
1172: yay
1178: yay
1177: yay
1183: yay
1179: yay
1180: yay
1181: yay
1184: yay
1185: yay
1186: yay
1190: yay
1191: yay
1192: yay
1193: yay
1194: yay
1195: yay
1196: yay
1197: yay
1198: yay
1199: yay
1200: yay
1201: yay
1202: yay
1203: yay
1204: yay
1205: yay
1206: yay
1207: yay
1208: yay
1209: yay
1210: yay
1211: yay
1212: yay
1213: yay
1214: yay
1215: yay
1216: yay
1217: yay
1218: yay
1219: yay
1220: yay
1221: yay
1182: yay
1222: yay
1223: yay
1226: yay
1227: yay
1224: yay
1228: yay
1229: yay
1187: yay
1230: yay
1231: yay
1233: yay
1232: yay
1234: yay
1235: yay
1236: yay
1238: yay
1237: yay
1188: yay
1239: yay
1243: yay
1242: yay
1241: yay
1225: yay
1189: yay
1248: yay
1249: yay
1250: yay
1251: yay
1252: yay
1253: yay
1254: yay
1255: yay
1240: yay
1256: yay
1257: yay
1258: yay
1259: yay
1244: yay
1260: yay
1261: yay
1245: yay
1246: yay
1263: yay
1262: yay
1264: yay
1267: yay
1266: yay
1265: yay
1247: yay
1269: yay
1270: yay
1271: yay
1273: yay
1268: yay
1272: yay
1274: yay
1275: yay
1276: yay
1277: yay
1278: yay
1280: yay
1279: yay
1282: yay
1281: yay
1283: yay
1284: yay
1285: yay
1286: yay
1287: yay
1289: yay
1288: yay
1290: yay
1291: yay
1292: yay
1293: yay
1294: yay
1295: yay
1297: yay
1296: yay
1298: yay
1299: yay
1300: yay
1301: yay
1302: yay
1303: yay
1305: yay
1304: yay
1306: yay
1308: yay
1307: yay
1309: yay
1311: yay
1310: yay
1312: yay
1313: yay
1315: yay
1314: yay
1316: yay
1317: yay
1319: yay
1318: yay
1320: yay
1322: yay
1321: yay
1323: yay
1324: yay
1325: yay
1326: yay
1328: yay
1329: yay
1330: yay
1327: yay
1331: yay
1333: yay
1332: yay
1336: yay
1335: yay
1334: yay
1337: yay
1342: nay (no downloads found)
1344: nay (no downloads found)
1338: yay
1345: nay (no downloads found)
1341: yay
1349: nay (no downloads found)
1343: yay
1339: yay
1340: yay
1346: yay
1352: nay (no downloads found)
1347: yay
1348: yay
1350: yay
1353: yay
1351: yay
1354: yay
1355: yay
1356: yay
1357: yay
1358: yay
1359: yay
1360: yay
1361: yay
1365: yay
1362: yay
1366: yay
1363: yay
1367: yay
1368: yay
1369: yay
1364: yay
1373: yay
1372: yay
1376: yay
1370: yay
1371: yay
1374: yay
1380: yay
1377: yay
1381: yay
1378: yay
1382: yay
1384: yay
1383: yay
1386: yay
1385: yay
1379: yay
1387: yay
1390: yay
1388: yay
1389: yay
1391: yay
1392: yay
1393: yay
1394: yay
1395: yay
1396: yay
1397: yay
1398: yay
1399: yay
1402: yay
1401: yay
1403: yay
1400: yay
1404: yay
1405: yay
1411: nay (no downloads found)
1407: yay
1406: yay
1410: yay
1375: yay
1408: yay
1409: yay
1416: yay
1417: yay
1418: yay
1414: yay
1413: yay
1419: yay
1412: yay
1421: yay
1420: yay
1422: yay
1424: yay
1415: yay
1426: yay
1427: yay
1423: yay
1432: yay
1428: yay
1429: yay
1431: yay
1436: yay
1430: yay
1425: yay
1437: yay
1433: yay
1438: yay
1439: yay
1440: yay
1434: yay
1441: yay
1443: yay
1442: yay
1435: yay
1444: yay
1450: yay
1445: yay
1446: yay
1452: yay
1453: yay
1448: yay
1451: yay
1447: yay
1449: yay
1455: yay
1454: yay
1458: yay
1456: yay
1457: yay
1459: yay
1460: yay
1461: yay
1464: yay
1467: yay
1468: yay
1462: yay
1465: yay
1469: yay
1463: yay
1470: yay
1472: yay
1471: yay
1466: yay
1476: yay
1477: yay
1474: yay
1473: yay
1478: yay
1479: yay
1475: yay
1481: yay
1480: yay
1482: yay
1484: yay
1483: yay
1485: yay
1487: yay
1486: yay
1488: yay
1489: yay
1490: yay
1491: yay
1492: yay
1495: yay
1494: yay
1496: yay
1493: yay
1498: yay
1497: yay
1499: yay
1500: yay
1501: yay
1503: yay
1502: yay
1504: yay
1505: yay
1506: yay
1507: yay
1508: yay
1510: yay
1509: yay
1511: yay
1512: yay
1513: yay
1514: yay
1515: yay
1516: yay
1517: yay
1518: yay
1519: yay
1520: yay
1521: yay
1522: yay
1523: yay
1524: yay
1525: yay
1526: yay
1528: yay
1527: yay
1529: yay
1530: yay
1531: yay
1532: yay
1533: yay
1534: yay
1535: yay
1537: yay
1536: yay
1539: yay
1538: yay
1540: yay
1542: yay
1541: yay
1544: yay
1545: yay
1543: yay
1546: yay
1547: yay
1548: yay
1549: yay
1550: yay
1551: yay
1552: yay
1553: yay
1554: yay
1556: yay
1555: yay
1557: yay
1558: yay
1559: yay
1560: yay
1562: yay
1561: yay
1563: yay
1566: yay
1564: yay
1565: yay
1567: yay
1568: yay
1569: yay
1570: yay
1571: yay
1572: yay
1573: yay
1574: yay
1575: yay
1576: yay
1578: yay
1577: yay
1579: yay
1580: yay
1582: yay
1581: yay
1583: yay
1585: yay
1584: yay
1586: yay
1588: yay
1587: yay
1589: yay
1590: yay
1591: yay
1592: yay
1595: nay (no downloads found)
1596: yay
1593: yay
1597: yay
1594: yay
1598: yay
1599: yay
1600: yay
1602: yay
1601: yay
1605: yay
1603: yay
1604: yay
1607: yay
1606: yay
1608: yay
1610: yay
1611: yay
1609: yay
1612: yay
1613: yay
1614: yay
1615: yay
1617: yay
1616: yay
1619: yay
1618: yay
1620: yay
1622: yay
1621: yay
1625: yay
1623: yay
1624: yay
1627: yay
1626: yay
1629: yay
1628: yay
1630: yay
1631: yay
1632: yay
1633: yay
1634: yay
1635: yay
1636: yay
1637: yay
1638: yay
1639: yay
1640: yay
1641: yay
1642: yay
1645: yay
1644: yay
1643: yay
1646: yay
1647: yay
1649: yay
1648: yay
1652: yay
1650: yay
1651: yay
1653: yay
1654: yay
1655: yay
1656: yay
1657: yay
1658: yay
1659: yay
1660: yay
1662: yay
1661: yay
1663: nay (no working .jar)
1665: yay
1664: yay
1666: yay
1667: yay
1668: yay
1669: yay
1670: yay
1672: yay
1671: yay
1673: yay
1674: yay
1677: yay
1676: yay
1675: yay
1678: yay
1679: yay
1681: yay
1682: yay
1680: yay
1683: yay
1684: yay
1686: yay
1685: yay
1687: yay
1689: yay
1688: yay
1690: yay
1691: yay
1693: yay
1692: yay
1694: yay
1695: yay
1696: yay
1697: yay
1699: yay
1698: yay
1700: yay
1702: yay
1703: yay
1701: yay
1704: yay
1705: yay
1706: yay
1707: yay
1708: yay
1709: yay
1710: yay
1711: yay
1712: yay
1713: yay
1714: yay
1716: yay
1715: yay
1717: yay
1718: yay
1719: yay
1720: yay
1721: yay
1722: yay
1723: yay
1724: yay
1725: yay
1726: yay
1727: yay
1728: yay
1729: yay
1730: yay
1731: yay
1732: yay
1733: yay
1734: yay
1735: yay
1736: yay
1738: yay
1737: yay
1740: yay
1739: yay
1741: yay
1742: yay
1743: yay
1745: yay
1747: yay
1744: yay
1746: yay
1749: yay
1748: yay
1751: yay
1750: yay
1752: yay
1753: yay
1755: yay
1754: yay
1756: yay
1757: yay
1758: yay
1759: yay
1760: yay
1761: yay
1762: yay
1763: yay
1764: yay
1766: yay
1765: yay
1768: yay
1767: yay
1769: yay
1770: yay
1771: yay
1772: yay
1773: yay
1774: yay
1775: yay
1776: yay
1777: yay
1780: yay
1779: yay
1778: yay
1781: yay
1782: yay
1783: yay
1786: yay
1784: yay
1787: yay
1785: yay
1788: yay
1789: yay
1793: yay
1790: yay
1791: yay
1792: yay
1794: yay
1795: yay
1796: yay
1797: yay
1798: yay
1799: yay
1800: yay
1801: yay
1803: yay
1802: yay
1804: yay
1805: yay
1807: yay
1808: yay
1806: yay
1809: yay
1810: yay
1811: yay
1814: yay
1812: yay
1813: yay
1815: yay
1816: yay
1817: yay
1818: yay
1822: yay
1821: yay
1819: yay
1820: yay
1823: yay
1824: yay
1825: yay
1827: yay
1826: yay
1828: yay
1829: yay
1830: yay
1831: yay
1832: yay
1833: yay
1836: yay
1835: yay
1834: yay
1837: yay
1838: yay
1839: yay
1841: yay
1842: yay
1843: yay
1844: yay
1840: yay
1845: yay
1846: yay
1847: yay
1848: yay
1849: yay
1850: yay
1851: yay
1853: yay
1852: yay
1854: yay
1855: yay
1857: yay
1858: yay
1859: yay
1860: yay
1856: yay
1862: yay
1863: yay
1861: yay
1866: yay
1865: yay
1864: yay
1867: yay
1869: yay
1870: yay
1868: yay
1872: yay
1871: yay
1874: yay
1873: yay
1876: yay
1877: yay
1875: yay
1878: yay
1880: yay
1881: yay
1882: yay
1879: yay
1883: yay
1884: yay
1886: yay
1885: yay
1889: yay
1887: yay
1888: yay
1890: yay
1891: yay
1893: yay
1892: yay
1895: yay
1896: yay
1894: yay
1897: yay
1898: yay
1899: yay
1900: yay
1901: yay
1902: yay
1903: yay
1905: yay
1904: yay
1906: yay
1907: yay
1908: yay
1909: yay
1912: yay
1910: yay
1911: yay
1913: yay
1914: yay
1916: yay
1915: yay
1917: yay
1918: yay
1919: yay
1920: yay
1921: yay
1928: nay (no downloads found)
1922: yay
1923: yay
1924: yay
1926: yay
1925: yay
1927: yay
1930: yay
1929: yay
1931: yay
1932: yay
1933: yay
1934: yay
1935: yay
1936: yay
1938: yay
1937: yay
1939: yay
1940: yay
1941: yay
1942: yay
1944: yay
1943: yay
1945: yay
1946: yay
1947: yay
1948: yay
1949: yay
1950: yay
1951: yay
1953: yay
1952: yay
1955: yay
1954: yay
1956: yay
1960: nay (no downloads found)
1957: yay
1958: yay
1959: yay
1962: yay
1963: yay
1964: yay
1961: yay
1966: yay
1967: yay
1965: yay
1969: yay
1968: yay
1970: yay
1971: yay
1972: yay
1974: yay
1976: yay
1973: yay
1975: yay
1977: yay
1978: yay
1979: yay
1980: yay
1981: yay
1982: yay
1983: yay
1984: yay
1985: yay
1986: yay
1987: yay
1988: yay
1989: yay
1990: yay
1991: yay
1992: yay
1993: yay
1994: yay
1996: yay
1995: yay
1997: yay
1998: yay
1999: yay
2000: yay
