Total games tried: 35
Total successful: 11
2537: nay (no downloads found)
3064: nay (no downloads found)
3065: yay
2868: yay
3115: nay (no downloads found)
3118: nay (no downloads found)
2049: yay
3324: nay (bad status)
3105: yay
2866: yay
3464: nay (bad status)
3466: nay (bad status)
3499: nay (bad status)
3468: nay (bad status)
3484: nay (bad status)
3500: nay (bad status)
3505: nay (bad status)
3465: nay (bad status)
3495: nay (bad status)
3496: nay (bad status)
3539: nay (bad status)
5211: nay (no downloads found)
5212: nay (no downloads found)
5209: nay (no downloads found)
5210: nay (no downloads found)
2802: yay
6914: nay (no downloads found)
2867: yay
8478: nay (bad status)
3497: nay (bad status)
5230: yay
7424: nay (bad status)
6909: yay
6910: yay
6915: yay
